<?xml version="1.0" encoding="UTF-8"?>

<beans xmlns="http://www.springframework.org/schema/beans" 
        xmlns:xsi="http://www.w3.org/2001/XMLSchema-instance" 
        xsi:schemaLocation="http://www.springframework.org/schema/beans
        http://www.springframework.org/schema/beans/spring-beans-3.0.xsd
 		http://www.springframework.org/schema/aop
 		http://www.springframework.org/schema/aop/spring-aop-3.0.xsd
 		http://www.springframework.org/schema/context
 		http://www.springframework.org/schema/context/spring-context-2.5.xsd" 
        > 

    <!-- the test application context definition for the jdbc based tests --> 

    <bean id="portfolioItemDAO" class="com.webmedia.dao.PortfolioItemDAOImp">
        <property name="dataSource" ref="dataSource" />
    </bean>

    <bean id="dataSource" class="org.springframework.jdbc.datasource.DriverManagerDataSource">
		<property name="driverClassName" value="${jdbc.driverClassName}"/>
      	<property name="url" value="${jdbc.url}"/>
      	<property name="username"  value="${jdbc.username}"/>
      	<property name="password" value="${jdbc.password}"/>
     </bean>
    <bean id="propertyConfigurer" 
          class="org.springframework.beans.factory.config.PropertyPlaceholderConfigurer">
         <property name="locations">
            <list>
                <value>WEB-INF/jdbc.properties</value>
            </list>
        </property>  
    </bean>
    
     <bean id="transactionManager" 
          class="org.springframework.jdbc.datasource.DataSourceTransactionManager">
        <property name="dataSource" ref="dataSource" />
    </bean>
 
</beans>